Active-HDL 13.0.376.8320 2022-05-02 13:48:55

Elaboration top modules:
Architecture                  Behavioral(top)


----------------------------------------------------------------------------------------------------------
Entity          | Architecture | Library         | Info | Compiler Version          | Compilation Options
----------------------------------------------------------------------------------------------------------
top             | Behavioral   | counter_generic |      | 13.0.376.8320 (Windows64) | -O3
counter_generic | Behavioral   | counter_generic |      | 13.0.376.8320 (Windows64) | -O3
----------------------------------------------------------------------------------------------------------

----------------------------------------------------------------------------------------------------------
VHDL Package                   | Library         | Info | Compiler Version          | Compilation Options
----------------------------------------------------------------------------------------------------------
standard                       | std             |      |                           | <unavailable>
TEXTIO                         | std             |      | 13.0.376.8320 (Windows64) |  -2019
std_logic_1164                 | ieee            |      | 13.0.376.8320 (Windows64) |  -2008
NUMERIC_STD                    | ieee            |      | 13.0.376.8320 (Windows64) |  -2008
----------------------------------------------------------------------------------------------------------

----------------------------------------------------------------------------------------------------------
Library                        | Comment
----------------------------------------------------------------------------------------------------------
counter_generic                | None
ieee                           | Standard IEEE packages library
std                            | Standard VHDL library
----------------------------------------------------------------------------------------------------------
